{"uid":"57243dba31ebdc94","name":"test_product_page_details_match_cart_page_details in chrome","fullName":"tests.test_cart#test_product_page_details_match_cart_page_details","historyId":"de77bbbb4221a0453a8b2b174af3c8bd","time":{"start":1753604680882,"stop":1753604681417,"duration":535},"status":"broken","statusMessage":"selenium.common.exceptions.StaleElementReferenceException: Message: stale element reference: stale element not found in the current frame\n  (Session info: chrome=132.0.6834.159); For documentation on this error, please visit: https://www.selenium.dev/documentation/webdriver/troubleshooting/errors#stale-element-reference-exception\nStacktrace:\n#0 0x5615dba5053a <unknown>\n#1 0x5615db54bf00 <unknown>\n#2 0x5615db55204c <unknown>\n#3 0x5615db554578 <unknown>\n#4 0x5615db554603 <unknown>\n#5 0x5615db5a27f4 <unknown>\n#6 0x5615db5a034f <unknown>\n#7 0x5615db59df22 <unknown>\n#8 0x5615db59d135 <unknown>\n#9 0x5615db5901cd <unknown>\n#10 0x5615db5c05a2 <unknown>\n#11 0x5615db58f758 <unknown>\n#12 0x5615db5c076e <unknown>\n#13 0x5615db5def84 <unknown>\n#14 0x5615db5c0343 <unknown>\n#15 0x5615db58d78a <unknown>\n#16 0x5615db58e9de <unknown>\n#17 0x5615dba1a2cb <unknown>\n#18 0x5615dba1e242 <unknown>\n#19 0x5615dba077ac <unknown>\n#20 0x5615dba1edf7 <unknown>\n#21 0x5615db9ebb2f <unknown>\n#22 0x5615dba3f1a8 <unknown>\n#23 0x5615dba3f370 <unknown>\n#24 0x5615dba4f3b6 <unknown>\n#25 0x7f34f7b67a94 <unknown>\n#26 0x7f34f7bf4a34 __clone","statusTrace":"test_driver = <selenium.webdriver.remote.webdriver.WebDriver (session=\"4e65f02763448ce6ffb1e9b0e2fd2937\")>\nbase_url = 'https://www.demoblaze.com/'\n\n    @pytest.mark.parametrize(\"browser_name\", [\"chrome\", \"firefox\"])\n    @allure.title(\"test_product_page_details_match_cart_page_details in {browser_name}\")\n    def test_product_page_details_match_cart_page_details(test_driver, base_url):\n        products_page = ProductsPage(test_driver)\n        product_page = ProductPage(test_driver)\n        product_to_cart_flow = ProductToCartFlow(\n            product_page=product_page, products_page=products_page\n        )\n        navbar_page = NavbarPage(test_driver)\n        cart_page = CartPage(test_driver)\n        test_driver.get(base_url)\n        phone_test_product_name = \"Samsung galaxy s6\"\n        phone_test_product_category = \"phones\"\n        laptop_test_product_name = \"2017 Dell 15.6 Inch\"\n        laptop_test_product_category = \"laptops\"\n        monitor_test_product_name = \"Apple monitor 24\"\n        monitor_test_product_category = \"monitors\"\n    \n        # add test products to cart\n    \n>       phone_product = product_to_cart_flow.add_product_to_cart_and_get_product(\n            category_button=phone_test_product_category,\n            product_name=phone_test_product_name,\n        )\n\ntests/test_cart.py:73: \n_ _ _ _ _ _ _ _ _ _ _ _ _ _ _ _ _ _ _ _ _ _ _ _ _ _ _ _ _ _ _ _ _ _ _ _ _ _ _ _ \ntests/flows/flows.py:25: in add_product_to_cart_and_get_product\n    self.products_page.click_product_link(product_name=product_name)\ntests/pages/products_page.py:93: in click_product_link\n    product_link.click()\n.venv/lib/python3.10/site-packages/selenium/webdriver/remote/webelement.py:119: in click\n    self._execute(Command.CLICK_ELEMENT)\n.venv/lib/python3.10/site-packages/selenium/webdriver/remote/webelement.py:570: in _execute\n    return self._parent.execute(command, params)\n.venv/lib/python3.10/site-packages/selenium/webdriver/remote/webdriver.py:429: in execute\n    self.error_handler.check_response(response)\n_ _ _ _ _ _ _ _ _ _ _ _ _ _ _ _ _ _ _ _ _ _ _ _ _ _ _ _ _ _ _ _ _ _ _ _ _ _ _ _ \n\nself = <selenium.webdriver.remote.errorhandler.ErrorHandler object at 0x7f3afd728ee0>\nresponse = {'status': 404, 'value': '{\"value\":{\"error\":\"stale element reference\",\"message\":\"stale element reference: stale elemen...unknown>\\\\n#24 0x5615dba4f3b6 \\\\u003Cunknown>\\\\n#25 0x7f34f7b67a94 \\\\u003Cunknown>\\\\n#26 0x7f34f7bf4a34 __clone\\\\n\"}}'}\n\n    def check_response(self, response: Dict[str, Any]) -> None:\n        \"\"\"Checks that a JSON response from the WebDriver does not have an\n        error.\n    \n        :Args:\n         - response - The JSON response from the WebDriver server as a dictionary\n           object.\n    \n        :Raises: If the response contains an error message.\n        \"\"\"\n        status = response.get(\"status\", None)\n        if not status or status == ErrorCode.SUCCESS:\n            return\n        value = None\n        message = response.get(\"message\", \"\")\n        screen: str = response.get(\"screen\", \"\")\n        stacktrace = None\n        if isinstance(status, int):\n            value_json = response.get(\"value\", None)\n            if value_json and isinstance(value_json, str):\n                import json\n    \n                try:\n                    value = json.loads(value_json)\n                    if len(value) == 1:\n                        value = value[\"value\"]\n                    status = value.get(\"error\", None)\n                    if not status:\n                        status = value.get(\"status\", ErrorCode.UNKNOWN_ERROR)\n                        message = value.get(\"value\") or value.get(\"message\")\n                        if not isinstance(message, str):\n                            value = message\n                            message = message.get(\"message\")\n                    else:\n                        message = value.get(\"message\", None)\n                except ValueError:\n                    pass\n    \n        exception_class: Type[WebDriverException]\n        e = ErrorCode()\n        error_codes = [item for item in dir(e) if not item.startswith(\"__\")]\n        for error_code in error_codes:\n            error_info = getattr(ErrorCode, error_code)\n            if isinstance(error_info, list) and status in error_info:\n                exception_class = getattr(ExceptionMapping, error_code, WebDriverException)\n                break\n        else:\n            exception_class = WebDriverException\n    \n        if not value:\n            value = response[\"value\"]\n        if isinstance(value, str):\n            raise exception_class(value)\n        if message == \"\" and \"message\" in value:\n            message = value[\"message\"]\n    \n        screen = None  # type: ignore[assignment]\n        if \"screen\" in value:\n            screen = value[\"screen\"]\n    \n        stacktrace = None\n        st_value = value.get(\"stackTrace\") or value.get(\"stacktrace\")\n        if st_value:\n            if isinstance(st_value, str):\n                stacktrace = st_value.split(\"\\n\")\n            else:\n                stacktrace = []\n                try:\n                    for frame in st_value:\n                        line = frame.get(\"lineNumber\", \"\")\n                        file = frame.get(\"fileName\", \"<anonymous>\")\n                        if line:\n                            file = f\"{file}:{line}\"\n                        meth = frame.get(\"methodName\", \"<anonymous>\")\n                        if \"className\" in frame:\n                            meth = f\"{frame['className']}.{meth}\"\n                        msg = \"    at %s (%s)\"\n                        msg = msg % (meth, file)\n                        stacktrace.append(msg)\n                except TypeError:\n                    pass\n        if exception_class == UnexpectedAlertPresentException:\n            alert_text = None\n            if \"data\" in value:\n                alert_text = value[\"data\"].get(\"text\")\n            elif \"alert\" in value:\n                alert_text = value[\"alert\"].get(\"text\")\n            raise exception_class(message, screen, stacktrace, alert_text)  # type: ignore[call-arg]  # mypy is not smart enough here\n>       raise exception_class(message, screen, stacktrace)\nE       selenium.common.exceptions.StaleElementReferenceException: Message: stale element reference: stale element not found in the current frame\nE         (Session info: chrome=132.0.6834.159); For documentation on this error, please visit: https://www.selenium.dev/documentation/webdriver/troubleshooting/errors#stale-element-reference-exception\nE       Stacktrace:\nE       #0 0x5615dba5053a <unknown>\nE       #1 0x5615db54bf00 <unknown>\nE       #2 0x5615db55204c <unknown>\nE       #3 0x5615db554578 <unknown>\nE       #4 0x5615db554603 <unknown>\nE       #5 0x5615db5a27f4 <unknown>\nE       #6 0x5615db5a034f <unknown>\nE       #7 0x5615db59df22 <unknown>\nE       #8 0x5615db59d135 <unknown>\nE       #9 0x5615db5901cd <unknown>\nE       #10 0x5615db5c05a2 <unknown>\nE       #11 0x5615db58f758 <unknown>\nE       #12 0x5615db5c076e <unknown>\nE       #13 0x5615db5def84 <unknown>\nE       #14 0x5615db5c0343 <unknown>\nE       #15 0x5615db58d78a <unknown>\nE       #16 0x5615db58e9de <unknown>\nE       #17 0x5615dba1a2cb <unknown>\nE       #18 0x5615dba1e242 <unknown>\nE       #19 0x5615dba077ac <unknown>\nE       #20 0x5615dba1edf7 <unknown>\nE       #21 0x5615db9ebb2f <unknown>\nE       #22 0x5615dba3f1a8 <unknown>\nE       #23 0x5615dba3f370 <unknown>\nE       #24 0x5615dba4f3b6 <unknown>\nE       #25 0x7f34f7b67a94 <unknown>\nE       #26 0x7f34f7bf4a34 __clone\n\n.venv/lib/python3.10/site-packages/selenium/webdriver/remote/errorhandler.py:232: StaleElementReferenceException","flaky":false,"newFailed":false,"newBroken":true,"newPassed":false,"retriesCount":0,"retriesStatusChange":false,"beforeStages":[{"name":"base_url","time":{"start":1753604672112,"stop":1753604672112,"duration":0},"status":"passed","steps":[],"attachments":[],"parameters":[],"shouldDisplayMessage":false,"stepsCount":0,"attachmentsCount":0,"hasContent":false},{"name":"run_on_selenium_grid","time":{"start":1753604672112,"stop":1753604672112,"duration":0},"status":"passed","steps":[],"attachments":[],"parameters":[],"shouldDisplayMessage":false,"stepsCount":0,"attachmentsCount":0,"hasContent":false},{"name":"is_headless","time":{"start":1753604672112,"stop":1753604672112,"duration":0},"status":"passed","steps":[],"attachments":[],"parameters":[],"shouldDisplayMessage":false,"stepsCount":0,"attachmentsCount":0,"hasContent":false},{"name":"test_driver","time":{"start":1753604680581,"stop":1753604680881,"duration":300},"status":"passed","steps":[],"attachments":[],"parameters":[],"shouldDisplayMessage":false,"stepsCount":0,"attachmentsCount":0,"hasContent":false},{"name":"browser_option","time":{"start":1753604680581,"stop":1753604680581,"duration":0},"status":"passed","steps":[],"attachments":[],"parameters":[],"shouldDisplayMessage":false,"stepsCount":0,"attachmentsCount":0,"hasContent":false}],"afterStages":[{"name":"test_driver::0","time":{"start":1753604681478,"stop":1753604681561,"duration":83},"status":"passed","steps":[],"attachments":[],"parameters":[],"shouldDisplayMessage":false,"stepsCount":0,"attachmentsCount":0,"hasContent":false}],"labels":[{"name":"parentSuite","value":"tests"},{"name":"suite","value":"test_cart"},{"name":"host","value":"0e2ea094f64e"},{"name":"thread","value":"25-MainThread"},{"name":"framework","value":"pytest"},{"name":"language","value":"cpython3"},{"name":"package","value":"tests.test_cart"},{"name":"resultFormat","value":"allure2"}],"parameters":[{"name":"browser_name","value":"'chrome'"}],"links":[],"hidden":false,"retry":false,"extra":{"severity":"normal","retries":[],"categories":[{"name":"Test defects","matchedStatuses":[],"flaky":false}],"history":{"statistic":{"failed":0,"broken":4,"skipped":0,"passed":6,"unknown":0,"total":10},"items":[{"uid":"6420d2984d531d0e","reportUrl":"https://AndreiIav.github.io/Demoblaze-Selenium-Automation/26//#testresult/6420d2984d531d0e","status":"passed","time":{"start":1752558455551,"stop":1752558462761,"duration":7210}},{"uid":"6b53e7375a4b41ae","reportUrl":"https://AndreiIav.github.io/Demoblaze-Selenium-Automation/25//#testresult/6b53e7375a4b41ae","status":"passed","time":{"start":1752557273823,"stop":1752557281076,"duration":7253}},{"uid":"5fe13c97b7e3714","reportUrl":"https://AndreiIav.github.io/Demoblaze-Selenium-Automation/24//#testresult/5fe13c97b7e3714","status":"passed","time":{"start":1752319528676,"stop":1752319536754,"duration":8078}},{"uid":"f93b7541502e493b","reportUrl":"https://AndreiIav.github.io/Demoblaze-Selenium-Automation/24//#testresult/f93b7541502e493b","status":"passed","time":{"start":1752318707798,"stop":1752318715313,"duration":7515}},{"uid":"56c56c94788300b0","reportUrl":"https://AndreiIav.github.io/Demoblaze-Selenium-Automation/23//#testresult/56c56c94788300b0","status":"broken","statusDetails":"selenium.common.exceptions.StaleElementReferenceException: Message: stale element reference: stale element not found in the current frame\n  (Session info: chrome=132.0.6834.159); For documentation on this error, please visit: https://www.selenium.dev/documentation/webdriver/troubleshooting/errors#stale-element-reference-exception\nStacktrace:\n#0 0x5649832ae53a <unknown>\n#1 0x564982da9f00 <unknown>\n#2 0x564982db004c <unknown>\n#3 0x564982db2578 <unknown>\n#4 0x564982db2603 <unknown>\n#5 0x564982dfbbb4 <unknown>\n#6 0x564982dfaf8e <unknown>\n#7 0x564982dee1cd <unknown>\n#8 0x564982e1e5a2 <unknown>\n#9 0x564982ded758 <unknown>\n#10 0x564982e1e76e <unknown>\n#11 0x564982e3cf84 <unknown>\n#12 0x564982e1e343 <unknown>\n#13 0x564982deb78a <unknown>\n#14 0x564982dec9de <unknown>\n#15 0x5649832782cb <unknown>\n#16 0x56498327c242 <unknown>\n#17 0x5649832657ac <unknown>\n#18 0x56498327cdf7 <unknown>\n#19 0x564983249b2f <unknown>\n#20 0x56498329d1a8 <unknown>\n#21 0x56498329d370 <unknown>\n#22 0x5649832ad3b6 <unknown>\n#23 0x7fb9e0a75a94 <unknown>\n#24 0x7fb9e0b02a34 __clone","time":{"start":1752316777647,"stop":1752316778180,"duration":533}},{"uid":"166fdbf87e86d43","reportUrl":"https://AndreiIav.github.io/Demoblaze-Selenium-Automation/23//#testresult/166fdbf87e86d43","status":"broken","statusDetails":"selenium.common.exceptions.StaleElementReferenceException: Message: stale element reference: stale element not found in the current frame\n  (Session info: chrome=132.0.6834.159); For documentation on this error, please visit: https://www.selenium.dev/documentation/webdriver/troubleshooting/errors#stale-element-reference-exception\nStacktrace:\n#0 0x55d2ac2df53a <unknown>\n#1 0x55d2abddaf00 <unknown>\n#2 0x55d2abde104c <unknown>\n#3 0x55d2abde3578 <unknown>\n#4 0x55d2abde3603 <unknown>\n#5 0x55d2abe317f4 <unknown>\n#6 0x55d2abe2f34f <unknown>\n#7 0x55d2abe2cf22 <unknown>\n#8 0x55d2abe2c135 <unknown>\n#9 0x55d2abe1edcd <unknown>\n#10 0x55d2abe4f5a2 <unknown>\n#11 0x55d2abe1e758 <unknown>\n#12 0x55d2abe4f76e <unknown>\n#13 0x55d2abe6df84 <unknown>\n#14 0x55d2abe4f343 <unknown>\n#15 0x55d2abe1c78a <unknown>\n#16 0x55d2abe1d9de <unknown>\n#17 0x55d2ac2a92cb <unknown>\n#18 0x55d2ac2ad242 <unknown>\n#19 0x55d2ac2967ac <unknown>\n#20 0x55d2ac2addf7 <unknown>\n#21 0x55d2ac27ab2f <unknown>\n#22 0x55d2ac2ce1a8 <unknown>\n#23 0x55d2ac2ce370 <unknown>\n#24 0x55d2ac2de3b6 <unknown>\n#25 0x7fe125575a94 <unknown>\n#26 0x7fe125602a34 __clone","time":{"start":1752314516571,"stop":1752314517035,"duration":464}},{"uid":"ca8138540b2432bd","reportUrl":"https://AndreiIav.github.io/Demoblaze-Selenium-Automation/22//#testresult/ca8138540b2432bd","status":"broken","statusDetails":"selenium.common.exceptions.StaleElementReferenceException: Message: stale element reference: stale element not found in the current frame\n  (Session info: chrome=132.0.6834.159); For documentation on this error, please visit: https://www.selenium.dev/documentation/webdriver/troubleshooting/errors#stale-element-reference-exception\nStacktrace:\n#0 0x55c8e858153a <unknown>\n#1 0x55c8e807cf00 <unknown>\n#2 0x55c8e808304c <unknown>\n#3 0x55c8e8085578 <unknown>\n#4 0x55c8e8085603 <unknown>\n#5 0x55c8e80d37f4 <unknown>\n#6 0x55c8e80d134f <unknown>\n#7 0x55c8e80cef22 <unknown>\n#8 0x55c8e80ce135 <unknown>\n#9 0x55c8e80c11cd <unknown>\n#10 0x55c8e80f15a2 <unknown>\n#11 0x55c8e80c0758 <unknown>\n#12 0x55c8e80f176e <unknown>\n#13 0x55c8e810ff84 <unknown>\n#14 0x55c8e80f1343 <unknown>\n#15 0x55c8e80be78a <unknown>\n#16 0x55c8e80bf9de <unknown>\n#17 0x55c8e854b2cb <unknown>\n#18 0x55c8e854f242 <unknown>\n#19 0x55c8e85387ac <unknown>\n#20 0x55c8e854fdf7 <unknown>\n#21 0x55c8e851cb2f <unknown>\n#22 0x55c8e85701a8 <unknown>\n#23 0x55c8e8570370 <unknown>\n#24 0x55c8e85803b6 <unknown>\n#25 0x7f6432c25a94 <unknown>\n#26 0x7f6432cb2a34 __clone","time":{"start":1752213123669,"stop":1752213124184,"duration":515}},{"uid":"3064d3d0060a624f","reportUrl":"https://AndreiIav.github.io/Demoblaze-Selenium-Automation/21//#testresult/3064d3d0060a624f","status":"passed","time":{"start":1752126324450,"stop":1752126331716,"duration":7266}},{"uid":"a2a0117faf13bd31","reportUrl":"https://AndreiIav.github.io/Demoblaze-Selenium-Automation/21//#testresult/a2a0117faf13bd31","status":"passed","time":{"start":1752125900238,"stop":1752125908674,"duration":8436}}]},"tags":[]},"source":"57243dba31ebdc94.json","parameterValues":["'chrome'"]}