{"uid":"efd6e3b101cfc7ff","name":"test_can_place_order_succesfully in chrome","fullName":"tests.test_cart#test_can_place_order_succesfully","historyId":"deec6507b7cbde0e61995677e41892a6","time":{"start":1752314542100,"stop":1752314542546,"duration":446},"status":"broken","statusMessage":"selenium.common.exceptions.StaleElementReferenceException: Message: stale element reference: stale element not found in the current frame\n  (Session info: chrome=132.0.6834.159); For documentation on this error, please visit: https://www.selenium.dev/documentation/webdriver/troubleshooting/errors#stale-element-reference-exception\nStacktrace:\n#0 0x5610c286b53a <unknown>\n#1 0x5610c2366f00 <unknown>\n#2 0x5610c236d04c <unknown>\n#3 0x5610c236f578 <unknown>\n#4 0x5610c236f603 <unknown>\n#5 0x5610c23bd7f4 <unknown>\n#6 0x5610c23bb34f <unknown>\n#7 0x5610c23b8f22 <unknown>\n#8 0x5610c23b8135 <unknown>\n#9 0x5610c23aadcd <unknown>\n#10 0x5610c23db5a2 <unknown>\n#11 0x5610c23aa758 <unknown>\n#12 0x5610c23db76e <unknown>\n#13 0x5610c23f9f84 <unknown>\n#14 0x5610c23db343 <unknown>\n#15 0x5610c23a878a <unknown>\n#16 0x5610c23a99de <unknown>\n#17 0x5610c28352cb <unknown>\n#18 0x5610c2839242 <unknown>\n#19 0x5610c28227ac <unknown>\n#20 0x5610c2839df7 <unknown>\n#21 0x5610c2806b2f <unknown>\n#22 0x5610c285a1a8 <unknown>\n#23 0x5610c285a370 <unknown>\n#24 0x5610c286a3b6 <unknown>\n#25 0x7f9ac96e4a94 <unknown>\n#26 0x7f9ac9771a34 __clone","statusTrace":"test_driver = <selenium.webdriver.remote.webdriver.WebDriver (session=\"dae9fb115cc89eb79406b8c2cd4f7664\")>\nbase_url = 'https://www.demoblaze.com/'\n\n    @pytest.mark.parametrize(\"browser_name\", [\"chrome\", \"firefox\"])\n    @allure.title(\"test_can_place_order_succesfully in {browser_name}\")\n    def test_can_place_order_succesfully(test_driver, base_url):\n        products_page = ProductsPage(test_driver)\n        product_page = ProductPage(test_driver)\n        product_to_cart_flow = ProductToCartFlow(\n            product_page=product_page, products_page=products_page\n        )\n        navbar_page = NavbarPage(test_driver)\n        cart_page = CartPage(test_driver)\n        test_driver.get(base_url)\n    \n        phone_test_product_name = \"Iphone 6 32gb\"\n        phone_test_product_category = \"phones\"\n        laptop_test_product_name = \"MacBook Pro\"\n        laptop_test_product_category = \"laptops\"\n        monitor_test_product_name = \"ASUS Full HD\"\n        monitor_test_product_category = \"monitors\"\n        costumer_name = \"John Doe\"\n        costumer_country = \"Italy\"\n        costumer_city = \"Rome\"\n        costumer_credit_card = \"1234 brdc 9876\"\n        transaction_month = \"6\"\n        transaction_year = \"2025\"\n        expected_confirmation_message = \"Thank you for your purchase!\"\n        expected_date = cart_page.create_confirmation_prompt_expected_date()\n    \n        # add test products to cart\n    \n        # add phone\n>       product_to_cart_flow.add_product_to_cart(\n            category_button=phone_test_product_category,\n            product_name=phone_test_product_name,\n        )\n\ntests/test_cart.py:293: \n_ _ _ _ _ _ _ _ _ _ _ _ _ _ _ _ _ _ _ _ _ _ _ _ _ _ _ _ _ _ _ _ _ _ _ _ _ _ _ _ \ntests/flows/flows.py:44: in add_product_to_cart\n    self.products_page.click_product_link(product_name=product_name)\ntests/pages/products_page.py:93: in click_product_link\n    product_link.click()\n.venv/lib/python3.10/site-packages/selenium/webdriver/remote/webelement.py:119: in click\n    self._execute(Command.CLICK_ELEMENT)\n.venv/lib/python3.10/site-packages/selenium/webdriver/remote/webelement.py:570: in _execute\n    return self._parent.execute(command, params)\n.venv/lib/python3.10/site-packages/selenium/webdriver/remote/webdriver.py:429: in execute\n    self.error_handler.check_response(response)\n_ _ _ _ _ _ _ _ _ _ _ _ _ _ _ _ _ _ _ _ _ _ _ _ _ _ _ _ _ _ _ _ _ _ _ _ _ _ _ _ \n\nself = <selenium.webdriver.remote.errorhandler.ErrorHandler object at 0x7f2e9b284340>\nresponse = {'status': 404, 'value': '{\"value\":{\"error\":\"stale element reference\",\"message\":\"stale element reference: stale elemen...unknown>\\\\n#24 0x5610c286a3b6 \\\\u003Cunknown>\\\\n#25 0x7f9ac96e4a94 \\\\u003Cunknown>\\\\n#26 0x7f9ac9771a34 __clone\\\\n\"}}'}\n\n    def check_response(self, response: Dict[str, Any]) -> None:\n        \"\"\"Checks that a JSON response from the WebDriver does not have an\n        error.\n    \n        :Args:\n         - response - The JSON response from the WebDriver server as a dictionary\n           object.\n    \n        :Raises: If the response contains an error message.\n        \"\"\"\n        status = response.get(\"status\", None)\n        if not status or status == ErrorCode.SUCCESS:\n            return\n        value = None\n        message = response.get(\"message\", \"\")\n        screen: str = response.get(\"screen\", \"\")\n        stacktrace = None\n        if isinstance(status, int):\n            value_json = response.get(\"value\", None)\n            if value_json and isinstance(value_json, str):\n                import json\n    \n                try:\n                    value = json.loads(value_json)\n                    if len(value) == 1:\n                        value = value[\"value\"]\n                    status = value.get(\"error\", None)\n                    if not status:\n                        status = value.get(\"status\", ErrorCode.UNKNOWN_ERROR)\n                        message = value.get(\"value\") or value.get(\"message\")\n                        if not isinstance(message, str):\n                            value = message\n                            message = message.get(\"message\")\n                    else:\n                        message = value.get(\"message\", None)\n                except ValueError:\n                    pass\n    \n        exception_class: Type[WebDriverException]\n        e = ErrorCode()\n        error_codes = [item for item in dir(e) if not item.startswith(\"__\")]\n        for error_code in error_codes:\n            error_info = getattr(ErrorCode, error_code)\n            if isinstance(error_info, list) and status in error_info:\n                exception_class = getattr(ExceptionMapping, error_code, WebDriverException)\n                break\n        else:\n            exception_class = WebDriverException\n    \n        if not value:\n            value = response[\"value\"]\n        if isinstance(value, str):\n            raise exception_class(value)\n        if message == \"\" and \"message\" in value:\n            message = value[\"message\"]\n    \n        screen = None  # type: ignore[assignment]\n        if \"screen\" in value:\n            screen = value[\"screen\"]\n    \n        stacktrace = None\n        st_value = value.get(\"stackTrace\") or value.get(\"stacktrace\")\n        if st_value:\n            if isinstance(st_value, str):\n                stacktrace = st_value.split(\"\\n\")\n            else:\n                stacktrace = []\n                try:\n                    for frame in st_value:\n                        line = frame.get(\"lineNumber\", \"\")\n                        file = frame.get(\"fileName\", \"<anonymous>\")\n                        if line:\n                            file = f\"{file}:{line}\"\n                        meth = frame.get(\"methodName\", \"<anonymous>\")\n                        if \"className\" in frame:\n                            meth = f\"{frame['className']}.{meth}\"\n                        msg = \"    at %s (%s)\"\n                        msg = msg % (meth, file)\n                        stacktrace.append(msg)\n                except TypeError:\n                    pass\n        if exception_class == UnexpectedAlertPresentException:\n            alert_text = None\n            if \"data\" in value:\n                alert_text = value[\"data\"].get(\"text\")\n            elif \"alert\" in value:\n                alert_text = value[\"alert\"].get(\"text\")\n            raise exception_class(message, screen, stacktrace, alert_text)  # type: ignore[call-arg]  # mypy is not smart enough here\n>       raise exception_class(message, screen, stacktrace)\nE       selenium.common.exceptions.StaleElementReferenceException: Message: stale element reference: stale element not found in the current frame\nE         (Session info: chrome=132.0.6834.159); For documentation on this error, please visit: https://www.selenium.dev/documentation/webdriver/troubleshooting/errors#stale-element-reference-exception\nE       Stacktrace:\nE       #0 0x5610c286b53a <unknown>\nE       #1 0x5610c2366f00 <unknown>\nE       #2 0x5610c236d04c <unknown>\nE       #3 0x5610c236f578 <unknown>\nE       #4 0x5610c236f603 <unknown>\nE       #5 0x5610c23bd7f4 <unknown>\nE       #6 0x5610c23bb34f <unknown>\nE       #7 0x5610c23b8f22 <unknown>\nE       #8 0x5610c23b8135 <unknown>\nE       #9 0x5610c23aadcd <unknown>\nE       #10 0x5610c23db5a2 <unknown>\nE       #11 0x5610c23aa758 <unknown>\nE       #12 0x5610c23db76e <unknown>\nE       #13 0x5610c23f9f84 <unknown>\nE       #14 0x5610c23db343 <unknown>\nE       #15 0x5610c23a878a <unknown>\nE       #16 0x5610c23a99de <unknown>\nE       #17 0x5610c28352cb <unknown>\nE       #18 0x5610c2839242 <unknown>\nE       #19 0x5610c28227ac <unknown>\nE       #20 0x5610c2839df7 <unknown>\nE       #21 0x5610c2806b2f <unknown>\nE       #22 0x5610c285a1a8 <unknown>\nE       #23 0x5610c285a370 <unknown>\nE       #24 0x5610c286a3b6 <unknown>\nE       #25 0x7f9ac96e4a94 <unknown>\nE       #26 0x7f9ac9771a34 __clone\n\n.venv/lib/python3.10/site-packages/selenium/webdriver/remote/errorhandler.py:232: StaleElementReferenceException","flaky":false,"newFailed":false,"newBroken":false,"newPassed":false,"retriesCount":0,"retriesStatusChange":false,"beforeStages":[{"name":"is_headless","time":{"start":1752314508375,"stop":1752314508375,"duration":0},"status":"passed","steps":[],"attachments":[],"parameters":[],"shouldDisplayMessage":false,"stepsCount":0,"attachmentsCount":0,"hasContent":false},{"name":"run_on_selenium_grid","time":{"start":1752314508375,"stop":1752314508375,"duration":0},"status":"passed","steps":[],"attachments":[],"parameters":[],"shouldDisplayMessage":false,"stepsCount":0,"attachmentsCount":0,"hasContent":false},{"name":"browser_option","time":{"start":1752314541807,"stop":1752314541807,"duration":0},"status":"passed","steps":[],"attachments":[],"parameters":[],"shouldDisplayMessage":false,"stepsCount":0,"attachmentsCount":0,"hasContent":false},{"name":"test_driver","time":{"start":1752314541807,"stop":1752314542099,"duration":292},"status":"passed","steps":[],"attachments":[],"parameters":[],"shouldDisplayMessage":false,"stepsCount":0,"attachmentsCount":0,"hasContent":false},{"name":"base_url","time":{"start":1752314542099,"stop":1752314542099,"duration":0},"status":"passed","steps":[],"attachments":[],"parameters":[],"shouldDisplayMessage":false,"stepsCount":0,"attachmentsCount":0,"hasContent":false}],"afterStages":[{"name":"test_driver::0","time":{"start":1752314542574,"stop":1752314542656,"duration":82},"status":"passed","steps":[],"attachments":[],"parameters":[],"shouldDisplayMessage":false,"stepsCount":0,"attachmentsCount":0,"hasContent":false}],"labels":[{"name":"parentSuite","value":"tests"},{"name":"suite","value":"test_cart"},{"name":"host","value":"fc503039efbe"},{"name":"thread","value":"25-MainThread"},{"name":"framework","value":"pytest"},{"name":"language","value":"cpython3"},{"name":"package","value":"tests.test_cart"},{"name":"resultFormat","value":"allure2"}],"parameters":[{"name":"browser_name","value":"'chrome'"}],"links":[],"hidden":false,"retry":false,"extra":{"severity":"normal","retries":[],"categories":[{"name":"Test defects","matchedStatuses":[],"flaky":false}],"history":{"statistic":{"failed":0,"broken":2,"skipped":0,"passed":2,"unknown":0,"total":4},"items":[{"uid":"a4787dd670ba57fb","reportUrl":"https://AndreiIav.github.io/Demoblaze-Selenium-Automation/22//#testresult/a4787dd670ba57fb","status":"broken","statusDetails":"selenium.common.exceptions.StaleElementReferenceException: Message: stale element reference: stale element not found in the current frame\n  (Session info: chrome=132.0.6834.159); For documentation on this error, please visit: https://www.selenium.dev/documentation/webdriver/troubleshooting/errors#stale-element-reference-exception\nStacktrace:\n#0 0x558d1444f53a <unknown>\n#1 0x558d13f4af00 <unknown>\n#2 0x558d13f5104c <unknown>\n#3 0x558d13f53578 <unknown>\n#4 0x558d13f53603 <unknown>\n#5 0x558d13fa17f4 <unknown>\n#6 0x558d13f9f34f <unknown>\n#7 0x558d13f9cf22 <unknown>\n#8 0x558d13f9c135 <unknown>\n#9 0x558d13f8edcd <unknown>\n#10 0x558d13fbf5a2 <unknown>\n#11 0x558d13f8e758 <unknown>\n#12 0x558d13fbf76e <unknown>\n#13 0x558d13fddf84 <unknown>\n#14 0x558d13fbf343 <unknown>\n#15 0x558d13f8c78a <unknown>\n#16 0x558d13f8d9de <unknown>\n#17 0x558d144192cb <unknown>\n#18 0x558d1441d242 <unknown>\n#19 0x558d144067ac <unknown>\n#20 0x558d1441ddf7 <unknown>\n#21 0x558d143eab2f <unknown>\n#22 0x558d1443e1a8 <unknown>\n#23 0x558d1443e370 <unknown>\n#24 0x558d1444e3b6 <unknown>\n#25 0x7effb1c46a94 <unknown>\n#26 0x7effb1cd3a34 __clone","time":{"start":1752213148751,"stop":1752213149223,"duration":472}},{"uid":"318e8be3828b4d45","reportUrl":"https://AndreiIav.github.io/Demoblaze-Selenium-Automation/21//#testresult/318e8be3828b4d45","status":"passed","time":{"start":1752126370199,"stop":1752126377730,"duration":7531}},{"uid":"64eb9cf6478ebbae","reportUrl":"https://AndreiIav.github.io/Demoblaze-Selenium-Automation/21//#testresult/64eb9cf6478ebbae","status":"passed","time":{"start":1752125949442,"stop":1752125957587,"duration":8145}}]},"tags":[]},"source":"efd6e3b101cfc7ff.json","parameterValues":["'chrome'"]}